#
# There is insufficient memory for the Java Runtime Environment to continue.
# Native memory allocation (mmap) failed to map 65536 bytes for Failed to commit metaspace.
# Possible reasons:
#   The system is out of physical RAM or swap space
#   The process is running with CompressedOops enabled, and the Java Heap may be blocking the growth of the native heap
# Possible solutions:
#   Reduce memory load on the system
#   Increase physical memory or swap space
#   Check if swap backing store is full
#   Decrease Java heap size (-Xmx/-Xms)
#   Decrease number of Java threads
#   Decrease Java thread stack sizes (-Xss)
#   Set larger code cache with -XX:ReservedCodeCacheSize=
#   JVM is running with Unscaled Compressed Oops mode in which the Java heap is
#     placed in the first 4GB address space. The Java Heap base address is the
#     maximum limit for the native heap growth. Please use -XX:HeapBaseMinAddress
#     to set the Java Heap base and to place the Java Heap above 4GB virtual address.
# This output file may be truncated or incomplete.
#
#  Out of Memory Error (virtualSpaceNode.cpp:110), pid=39400, tid=26240
#
# JRE version: Java(TM) SE Runtime Environment (17.0.10+11) (build 17.0.10+11-LTS-240)
# Java VM: Java HotSpot(TM) 64-Bit Server VM (17.0.10+11-LTS-240, mixed mode, emulated-client, sharing, tiered, compressed oops, compressed class ptrs, g1 gc, windows-amd64)
# No core dump will be written. Minidumps are not enabled by default on client versions of Windows
#

---------------  S U M M A R Y ------------

Command Line: -XX:TieredStopAtLevel=1 -Dspring.output.ansi.enabled=always -Dcom.sun.management.jmxremote -Dspring.jmx.enabled=true -Dspring.liveBeansView.mbeanDomain -Dspring.application.admin.enabled=true -Dmanagement.endpoints.jmx.exposure.include=* -javaagent:C:\Users\yasmi\FerramentasFacul\IntelliJ IDEA 2024.1\lib\idea_rt.jar=55496:C:\Users\yasmi\FerramentasFacul\IntelliJ IDEA 2024.1\bin -Dfile.encoding=UTF-8 com.yasmingv.demoparkapi.DemoParkApiApplication

Host: Intel(R) Core(TM) i3-10110U CPU @ 2.10GHz, 4 cores, 3G,  Windows 11 , 64 bit Build 22621 (10.0.22621.3527)
Time: Tue May 21 14:14:05 2024 Hora Padrão de Buenos Aires elapsed time: 1.330532 seconds (0d 0h 0m 1s)

---------------  T H R E A D  ---------------

Current thread (0x000001d273bd6650):  JavaThread "main" [_thread_in_vm, id=26240, stack(0x00000022e6800000,0x00000022e6900000)]

Stack: [0x00000022e6800000,0x00000022e6900000]
Native frames: (J=compiled Java code, j=interpreted, Vv=VM code, C=native code)
V  [jvm.dll+0x677a5a]
V  [jvm.dll+0x7d8b2d]
V  [jvm.dll+0x7da48e]
V  [jvm.dll+0x7daaf3]
V  [jvm.dll+0x2455ff]
V  [jvm.dll+0x7d483b]
V  [jvm.dll+0x61dc06]
V  [jvm.dll+0x1bfa87]
V  [jvm.dll+0x620570]
V  [jvm.dll+0x61e5c6]
V  [jvm.dll+0x23b031]
V  [jvm.dll+0x1e9d67]
V  [jvm.dll+0x1dfa01]
V  [jvm.dll+0x53d58c]
V  [jvm.dll+0x753438]
V  [jvm.dll+0x753524]
V  [jvm.dll+0x40babf]
V  [jvm.dll+0x411a89]
C  [java.dll+0x17ec]

Java frames: (J=compiled Java code, j=interpreted, Vv=VM code)
j  java.lang.ClassLoader.defineClass1(Ljava/lang/ClassLoader;Ljava/lang/String;[BIILjava/security/ProtectionDomain;Ljava/lang/String;)Ljava/lang/Class;+0 java.base@17.0.10
j  java.lang.ClassLoader.defineClass(Ljava/lang/String;[BIILjava/security/ProtectionDomain;)Ljava/lang/Class;+27 java.base@17.0.10
j  java.security.SecureClassLoader.defineClass(Ljava/lang/String;[BIILjava/security/CodeSource;)Ljava/lang/Class;+12 java.base@17.0.10
j  jdk.internal.loader.BuiltinClassLoader.defineClass(Ljava/lang/String;Ljdk/internal/loader/Resource;)Ljava/lang/Class;+117 java.base@17.0.10
j  jdk.internal.loader.BuiltinClassLoader.findClassOnClassPathOrNull(Ljava/lang/String;)Ljava/lang/Class;+37 java.base@17.0.10
J 934 c1 jdk.internal.loader.BuiltinClassLoader.loadClassOrNull(Ljava/lang/String;Z)Ljava/lang/Class; java.base@17.0.10 (143 bytes) @ 0x000001d27b6c5a5c [0x000001d27b6c5600+0x000000000000045c]
j  jdk.internal.loader.BuiltinClassLoader.loadClass(Ljava/lang/String;Z)Ljava/lang/Class;+3 java.base@17.0.10
j  jdk.internal.loader.ClassLoaders$AppClassLoader.loadClass(Ljava/lang/String;Z)Ljava/lang/Class;+36 java.base@17.0.10
j  java.lang.ClassLoader.loadClass(Ljava/lang/String;)Ljava/lang/Class;+3 java.base@17.0.10
v  ~StubRoutines::call_stub
j  ch.qos.logback.classic.spi.LogbackServiceProvider.initializeLoggerContext()V+28
j  ch.qos.logback.classic.spi.LogbackServiceProvider.initialize()V+21
j  org.slf4j.LoggerFactory.bind()V+37
j  org.slf4j.LoggerFactory.performInitialization()V+0
j  org.slf4j.LoggerFactory.getProvider()Lorg/slf4j/spi/SLF4JServiceProvider;+21
j  org.slf4j.LoggerFactory.getILoggerFactory()Lorg/slf4j/ILoggerFactory;+0
j  org.slf4j.LoggerFactory.getLogger(Ljava/lang/String;)Lorg/slf4j/Logger;+0
j  org.apache.commons.logging.LogAdapter$Slf4jAdapter.createLocationAwareLog(Ljava/lang/String;)Lorg/apache/commons/logging/Log;+1
j  org.apache.commons.logging.LogAdapter$$Lambda$95+0x000001d2040c7150.apply(Ljava/lang/Object;)Ljava/lang/Object;+4
j  org.apache.commons.logging.LogAdapter.createLog(Ljava/lang/String;)Lorg/apache/commons/logging/Log;+4
j  org.apache.commons.logging.LogFactory.getLog(Ljava/lang/String;)Lorg/apache/commons/logging/Log;+1
j  org.apache.commons.logging.LogFactory.getLog(Ljava/lang/Class;)Lorg/apache/commons/logging/Log;+4
j  org.springframework.boot.SpringApplication.<clinit>()V+2
v  ~StubRoutines::call_stub
j  com.yasmingv.demoparkapi.DemoParkApiApplication.main([Ljava/lang/String;)V+3
v  ~StubRoutines::call_stub

---------------  P R O C E S S  ---------------

Threads class SMR info:
_java_thread_list=0x000001d24493e090, length=13, elements={
0x000001d273bd6650, 0x000001d244123380, 0x000001d244124200, 0x000001d2441356e0,
0x000001d2441372b0, 0x000001d244138280, 0x000001d24413ac50, 0x000001d24413b610,
0x000001d24413f510, 0x000001d24411c0d0, 0x000001d244851d70, 0x000001d24471af60,
0x000001d2449a6490
}

Java Threads: ( => current thread )
=>0x000001d273bd6650 JavaThread "main" [_thread_in_vm, id=26240, stack(0x00000022e6800000,0x00000022e6900000)]
  0x000001d244123380 JavaThread "Reference Handler" daemon [_thread_blocked, id=13696, stack(0x00000022e6f00000,0x00000022e7000000)]
  0x000001d244124200 JavaThread "Finalizer" daemon [_thread_blocked, id=56944, stack(0x00000022e7000000,0x00000022e7100000)]
  0x000001d2441356e0 JavaThread "Signal Dispatcher" daemon [_thread_blocked, id=56668, stack(0x00000022e7100000,0x00000022e7200000)]
  0x000001d2441372b0 JavaThread "Attach Listener" daemon [_thread_blocked, id=47376, stack(0x00000022e7200000,0x00000022e7300000)]
  0x000001d244138280 JavaThread "Service Thread" daemon [_thread_blocked, id=67920, stack(0x00000022e7300000,0x00000022e7400000)]
  0x000001d24413ac50 JavaThread "Monitor Deflation Thread" daemon [_thread_blocked, id=58404, stack(0x00000022e7400000,0x00000022e7500000)]
  0x000001d24413b610 JavaThread "C1 CompilerThread0" daemon [_thread_blocked, id=63412, stack(0x00000022e7500000,0x00000022e7600000)]
  0x000001d24413f510 JavaThread "Sweeper thread" daemon [_thread_blocked, id=49848, stack(0x00000022e7600000,0x00000022e7700000)]
  0x000001d24411c0d0 JavaThread "Common-Cleaner" daemon [_thread_blocked, id=57124, stack(0x00000022e7700000,0x00000022e7800000)]
  0x000001d244851d70 JavaThread "Monitor Ctrl-Break" daemon [_thread_in_native, id=44328, stack(0x00000022e7800000,0x00000022e7900000)]
  0x000001d24471af60 JavaThread "Notification Thread" daemon [_thread_blocked, id=60724, stack(0x00000022e7900000,0x00000022e7a00000)]
  0x000001d2449a6490 JavaThread "RMI TCP Accept-0" daemon [_thread_in_native, id=59852, stack(0x00000022e7a00000,0x00000022e7b00000)]

Other Threads:
  0x000001d273c8e330 VMThread "VM Thread" [stack: 0x00000022e6e00000,0x00000022e6f00000] [id=66568]
  0x000001d244992510 WatcherThread [stack: 0x00000022e7b00000,0x00000022e7c00000] [id=68068]
  0x000001d273c10ee0 GCTaskThread "GC Thread#0" [stack: 0x00000022e6900000,0x00000022e6a00000] [id=12660]
  0x000001d24499b320 GCTaskThread "GC Thread#1" [stack: 0x00000022e7c00000,0x00000022e7d00000] [id=31468]
  0x000001d244a4e8e0 GCTaskThread "GC Thread#2" [stack: 0x00000022e7d00000,0x00000022e7e00000] [id=44616]
  0x000001d244a4eba0 GCTaskThread "GC Thread#3" [stack: 0x00000022e7e00000,0x00000022e7f00000] [id=64776]
  0x000001d273c19930 ConcurrentGCThread "G1 Main Marker" [stack: 0x00000022e6a00000,0x00000022e6b00000] [id=41372]
  0x000001d273c1aae0 ConcurrentGCThread "G1 Conc#0" [stack: 0x00000022e6b00000,0x00000022e6c00000] [id=64152]
  0x000001d273c59ff0 ConcurrentGCThread "G1 Refine#0" [stack: 0x00000022e6c00000,0x00000022e6d00000] [id=65776]
  0x000001d2449b1a20 ConcurrentGCThread "G1 Refine#1" [stack: 0x00000022e7f00000,0x00000022e8000000] [id=64064]
  0x000001d273c5ba30 ConcurrentGCThread "G1 Service" [stack: 0x00000022e6d00000,0x00000022e6e00000] [id=50196]

Threads with active compile tasks:

VM state: not at safepoint (normal execution)

VM Mutex/Monitor currently owned by a thread:  ([mutex/lock_event])
[0x000001d273bd19d0] Metaspace_lock - owner thread: 0x000001d273bd6650

Heap address: 0x00000000c2800000, size: 984 MB, Compressed Oops mode: 32-bit

CDS archive(s) mapped at: [0x000001d203000000-0x000001d203bd0000-0x000001d203bd0000), size 12386304, SharedBaseAddress: 0x000001d203000000, ArchiveRelocationMode: 1.
Compressed class space mapped at: 0x000001d204000000-0x000001d244000000, reserved size: 1073741824
Narrow klass base: 0x000001d203000000, Narrow klass shift: 0, Narrow klass range: 0x100000000

GC Precious Log:
 CPUs: 4 total, 4 available
 Memory: 3930M
 Large Page Support: Disabled
 NUMA Support: Disabled
 Compressed Oops: Enabled (32-bit)
 Heap Region Size: 1M
 Heap Min Capacity: 8M
 Heap Initial Capacity: 62M
 Heap Max Capacity: 984M
 Pre-touch: Disabled
 Parallel Workers: 4
 Concurrent Workers: 1
 Concurrent Refinement Workers: 4
 Periodic GC: Disabled

Heap:
 garbage-first heap   total 63488K, used 11010K [0x00000000c2800000, 0x0000000100000000)
  region size 1024K, 6 young (6144K), 2 survivors (2048K)
 Metaspace       used 5538K, committed 5696K, reserved 1114112K
  class space    used 679K, committed 768K, reserved 1048576K

Heap Regions: E=young(eden), S=young(survivor), O=old, HS=humongous(starts), HC=humongous(continues), CS=collection set, F=free, OA=open archive, CA=closed archive, TAMS=top-at-mark-start (previous, next)
|   0|0x00000000c2800000, 0x00000000c2900000, 0x00000000c2900000|100%|HS|  |TAMS 0x00000000c2800000, 0x00000000c2800000| Complete 
|   1|0x00000000c2900000, 0x00000000c2a00000, 0x00000000c2a00000|100%| O|  |TAMS 0x00000000c2900000, 0x00000000c2900000| Untracked 
|   2|0x00000000c2a00000, 0x00000000c2b00000, 0x00000000c2b00000|100%| O|  |TAMS 0x00000000c2a00000, 0x00000000c2a00000| Untracked 
|   3|0x00000000c2b00000, 0x00000000c2c00000, 0x00000000c2c00000|100%| O|  |TAMS 0x00000000c2b00000, 0x00000000c2b00000| Untracked 
|   4|0x00000000c2c00000, 0x00000000c2d00000, 0x00000000c2d00000|100%| O|  |TAMS 0x00000000c2c00000, 0x00000000c2c00000| Untracked 
|   5|0x00000000c2d00000, 0x00000000c2dc0800, 0x00000000c2e00000| 75%| O|  |TAMS 0x00000000c2d00000, 0x00000000c2d00000| Untracked 
|   6|0x00000000c2e00000, 0x00000000c2e00000, 0x00000000c2f00000|  0%| F|  |TAMS 0x00000000c2e00000, 0x00000000c2e00000| Untracked 
|   7|0x00000000c2f00000, 0x00000000c2f00000, 0x00000000c3000000|  0%| F|  |TAMS 0x00000000c2f00000, 0x00000000c2f00000| Untracked 
|   8|0x00000000c3000000, 0x00000000c3000000, 0x00000000c3100000|  0%| F|  |TAMS 0x00000000c3000000, 0x00000000c3000000| Untracked 
|   9|0x00000000c3100000, 0x00000000c3100000, 0x00000000c3200000|  0%| F|  |TAMS 0x00000000c3100000, 0x00000000c3100000| Untracked 
|  10|0x00000000c3200000, 0x00000000c3200000, 0x00000000c3300000|  0%| F|  |TAMS 0x00000000c3200000, 0x00000000c3200000| Untracked 
|  11|0x00000000c3300000, 0x00000000c3300000, 0x00000000c3400000|  0%| F|  |TAMS 0x00000000c3300000, 0x00000000c3300000| Untracked 
|  12|0x00000000c3400000, 0x00000000c3400000, 0x00000000c3500000|  0%| F|  |TAMS 0x00000000c3400000, 0x00000000c3400000| Untracked 
|  13|0x00000000c3500000, 0x00000000c3500000, 0x00000000c3600000|  0%| F|  |TAMS 0x00000000c3500000, 0x00000000c3500000| Untracked 
|  14|0x00000000c3600000, 0x00000000c3600000, 0x00000000c3700000|  0%| F|  |TAMS 0x00000000c3600000, 0x00000000c3600000| Untracked 
|  15|0x00000000c3700000, 0x00000000c3700000, 0x00000000c3800000|  0%| F|  |TAMS 0x00000000c3700000, 0x00000000c3700000| Untracked 
|  16|0x00000000c3800000, 0x00000000c3800000, 0x00000000c3900000|  0%| F|  |TAMS 0x00000000c3800000, 0x00000000c3800000| Untracked 
|  17|0x00000000c3900000, 0x00000000c3900000, 0x00000000c3a00000|  0%| F|  |TAMS 0x00000000c3900000, 0x00000000c3900000| Untracked 
|  18|0x00000000c3a00000, 0x00000000c3a00000, 0x00000000c3b00000|  0%| F|  |TAMS 0x00000000c3a00000, 0x00000000c3a00000| Untracked 
|  19|0x00000000c3b00000, 0x00000000c3b00000, 0x00000000c3c00000|  0%| F|  |TAMS 0x00000000c3b00000, 0x00000000c3b00000| Untracked 
|  20|0x00000000c3c00000, 0x00000000c3c00000, 0x00000000c3d00000|  0%| F|  |TAMS 0x00000000c3c00000, 0x00000000c3c00000| Untracked 
|  21|0x00000000c3d00000, 0x00000000c3d00000, 0x00000000c3e00000|  0%| F|  |TAMS 0x00000000c3d00000, 0x00000000c3d00000| Untracked 
|  22|0x00000000c3e00000, 0x00000000c3e00000, 0x00000000c3f00000|  0%| F|  |TAMS 0x00000000c3e00000, 0x00000000c3e00000| Untracked 
|  23|0x00000000c3f00000, 0x00000000c3f00000, 0x00000000c4000000|  0%| F|  |TAMS 0x00000000c3f00000, 0x00000000c3f00000| Untracked 
|  24|0x00000000c4000000, 0x00000000c4000000, 0x00000000c4100000|  0%| F|  |TAMS 0x00000000c4000000, 0x00000000c4000000| Untracked 
|  25|0x00000000c4100000, 0x00000000c4100000, 0x00000000c4200000|  0%| F|  |TAMS 0x00000000c4100000, 0x00000000c4100000| Untracked 
|  26|0x00000000c4200000, 0x00000000c4200000, 0x00000000c4300000|  0%| F|  |TAMS 0x00000000c4200000, 0x00000000c4200000| Untracked 
|  27|0x00000000c4300000, 0x00000000c4300000, 0x00000000c4400000|  0%| F|  |TAMS 0x00000000c4300000, 0x00000000c4300000| Untracked 
|  28|0x00000000c4400000, 0x00000000c4400000, 0x00000000c4500000|  0%| F|  |TAMS 0x00000000c4400000, 0x00000000c4400000| Untracked 
|  29|0x00000000c4500000, 0x00000000c4500000, 0x00000000c4600000|  0%| F|  |TAMS 0x00000000c4500000, 0x00000000c4500000| Untracked 
|  30|0x00000000c4600000, 0x00000000c4600000, 0x00000000c4700000|  0%| F|  |TAMS 0x00000000c4600000, 0x00000000c4600000| Untracked 
|  31|0x00000000c4700000, 0x00000000c4700000, 0x00000000c4800000|  0%| F|  |TAMS 0x00000000c4700000, 0x00000000c4700000| Untracked 
|  32|0x00000000c4800000, 0x00000000c4800000, 0x00000000c4900000|  0%| F|  |TAMS 0x00000000c4800000, 0x00000000c4800000| Untracked 
|  33|0x00000000c4900000, 0x00000000c4900000, 0x00000000c4a00000|  0%| F|  |TAMS 0x00000000c4900000, 0x00000000c4900000| Untracked 
|  34|0x00000000c4a00000, 0x00000000c4a00000, 0x00000000c4b00000|  0%| F|  |TAMS 0x00000000c4a00000, 0x00000000c4a00000| Untracked 
|  35|0x00000000c4b00000, 0x00000000c4b00000, 0x00000000c4c00000|  0%| F|  |TAMS 0x00000000c4b00000, 0x00000000c4b00000| Untracked 
|  36|0x00000000c4c00000, 0x00000000c4c00000, 0x00000000c4d00000|  0%| F|  |TAMS 0x00000000c4c00000, 0x00000000c4c00000| Untracked 
|  37|0x00000000c4d00000, 0x00000000c4d00000, 0x00000000c4e00000|  0%| F|  |TAMS 0x00000000c4d00000, 0x00000000c4d00000| Untracked 
|  38|0x00000000c4e00000, 0x00000000c4e00000, 0x00000000c4f00000|  0%| F|  |TAMS 0x00000000c4e00000, 0x00000000c4e00000| Untracked 
|  39|0x00000000c4f00000, 0x00000000c4f00000, 0x00000000c5000000|  0%| F|  |TAMS 0x00000000c4f00000, 0x00000000c4f00000| Untracked 
|  40|0x00000000c5000000, 0x00000000c5000000, 0x00000000c5100000|  0%| F|  |TAMS 0x00000000c5000000, 0x00000000c5000000| Untracked 
|  41|0x00000000c5100000, 0x00000000c5100000, 0x00000000c5200000|  0%| F|  |TAMS 0x00000000c5100000, 0x00000000c5100000| Untracked 
|  42|0x00000000c5200000, 0x00000000c5200000, 0x00000000c5300000|  0%| F|  |TAMS 0x00000000c5200000, 0x00000000c5200000| Untracked 
|  43|0x00000000c5300000, 0x00000000c5300000, 0x00000000c5400000|  0%| F|  |TAMS 0x00000000c5300000, 0x00000000c5300000| Untracked 
|  44|0x00000000c5400000, 0x00000000c5400000, 0x00000000c5500000|  0%| F|  |TAMS 0x00000000c5400000, 0x00000000c5400000| Untracked 
|  45|0x00000000c5500000, 0x00000000c5500000, 0x00000000c5600000|  0%| F|  |TAMS 0x00000000c5500000, 0x00000000c5500000| Untracked 
|  46|0x00000000c5600000, 0x00000000c5600000, 0x00000000c5700000|  0%| F|  |TAMS 0x00000000c5600000, 0x00000000c5600000| Untracked 
|  47|0x00000000c5700000, 0x00000000c5800000, 0x00000000c5800000|100%| S|CS|TAMS 0x00000000c5700000, 0x00000000c5700000| Complete 
|  48|0x00000000c5800000, 0x00000000c5900000, 0x00000000c5900000|100%| S|CS|TAMS 0x00000000c5800000, 0x00000000c5800000| Complete 
|  49|0x00000000c5900000, 0x00000000c5900000, 0x00000000c5a00000|  0%| F|  |TAMS 0x00000000c5900000, 0x00000000c5900000| Untracked 
|  50|0x00000000c5a00000, 0x00000000c5a00000, 0x00000000c5b00000|  0%| F|  |TAMS 0x00000000c5a00000, 0x00000000c5a00000| Untracked 
|  51|0x00000000c5b00000, 0x00000000c5b00000, 0x00000000c5c00000|  0%| F|  |TAMS 0x00000000c5b00000, 0x00000000c5b00000| Untracked 
|  52|0x00000000c5c00000, 0x00000000c5c00000, 0x00000000c5d00000|  0%| F|  |TAMS 0x00000000c5c00000, 0x00000000c5c00000| Untracked 
|  53|0x00000000c5d00000, 0x00000000c5d00000, 0x00000000c5e00000|  0%| F|  |TAMS 0x00000000c5d00000, 0x00000000c5d00000| Untracked 
|  54|0x00000000c5e00000, 0x00000000c5e00000, 0x00000000c5f00000|  0%| F|  |TAMS 0x00000000c5e00000, 0x00000000c5e00000| Untracked 
|  55|0x00000000c5f00000, 0x00000000c5f00000, 0x00000000c6000000|  0%| F|  |TAMS 0x00000000c5f00000, 0x00000000c5f00000| Untracked 
|  56|0x00000000c6000000, 0x00000000c6000000, 0x00000000c6100000|  0%| F|  |TAMS 0x00000000c6000000, 0x00000000c6000000| Untracked 
|  57|0x00000000c6100000, 0x00000000c6100000, 0x00000000c6200000|  0%| F|  |TAMS 0x00000000c6100000, 0x00000000c6100000| Untracked 
|  58|0x00000000c6200000, 0x00000000c62667a0, 0x00000000c6300000| 40%| E|  |TAMS 0x00000000c6200000, 0x00000000c6200000| Complete 
|  59|0x00000000c6300000, 0x00000000c6400000, 0x00000000c6400000|100%| E|CS|TAMS 0x00000000c6300000, 0x00000000c6300000| Complete 
|  60|0x00000000c6400000, 0x00000000c6500000, 0x00000000c6500000|100%| E|CS|TAMS 0x00000000c6400000, 0x00000000c6400000| Complete 
|  61|0x00000000c6500000, 0x00000000c6600000, 0x00000000c6600000|100%| E|CS|TAMS 0x00000000c6500000, 0x00000000c6500000| Complete 

Card table byte_map: [0x000001d27e470000,0x000001d27e660000] _byte_map_base: 0x000001d27de5c000

Marking Bits (Prev, Next): (CMBitMap*) 0x000001d273c11500, (CMBitMap*) 0x000001d273c11540
 Prev Bits: [0x000001d27e850000, 0x000001d27f7b0000)
 Next Bits: [0x000001d200000000, 0x000001d200f60000)

Polling page: 0x000001d271b90000

Metaspace:

Usage:
  Non-class:      4.75 MB used.
      Class:    679.38 KB used.
       Both:      5.41 MB used.

Virtual space:
  Non-class space:       64.00 MB reserved,       4.81 MB (  8%) committed,  1 nodes.
      Class space:        1.00 GB reserved,     768.00 KB ( <1%) committed,  1 nodes.
             Both:        1.06 GB reserved,       5.56 MB ( <1%) committed. 

Chunk freelists:
   Non-Class:  10.23 MB
       Class:  15.14 MB
        Both:  25.38 MB

MaxMetaspaceSize: unlimited
CompressedClassSpaceSize: 1.00 GB
Initial GC threshold: 21.00 MB
Current GC threshold: 21.00 MB
CDS: on
MetaspaceReclaimPolicy: balanced
 - commit_granule_bytes: 65536.
 - commit_granule_words: 8192.
 - virtual_space_node_default_size: 8388608.
 - enlarge_chunks_in_place: 1.
 - new_chunks_are_fully_committed: 0.
 - uncommit_free_chunks: 1.
 - use_allocation_guard: 0.
 - handle_deallocations: 1.


Internal statistics:

num_allocs_failed_limit: 0.
num_arena_births: 104.
num_arena_deaths: 0.
num_vsnodes_births: 2.
num_vsnodes_deaths: 0.
num_space_committed: 89.
num_space_uncommitted: 0.
num_chunks_returned_to_freelist: 0.
num_chunks_taken_from_freelist: 156.
num_chunk_merges: 0.
num_chunk_splits: 105.
num_chunks_enlarged: 64.
num_inconsistent_stats: 0.

CodeCache: size=49152Kb used=2640Kb max_used=2640Kb free=46511Kb
 bounds [0x000001d27b470000, 0x000001d27b710000, 0x000001d27e470000]
 total_blobs=1517 nmethods=1069 adapters=376
 compilation: enabled
              stopped_count=0, restarted_count=0
 full_count=0

Compilation events (20 events):
Event: 1.310 Thread 0x000001d24413b610 1060       1       java.lang.invoke.MethodHandleNatives::isCallerSensitive (29 bytes)
Event: 1.311 Thread 0x000001d24413b610 nmethod 1060 0x000001d27b700e90 code [0x000001d27b701020, 0x000001d27b7011a8]
Event: 1.311 Thread 0x000001d24413b610 1061       1       java.lang.invoke.MethodHandleNatives::canBeCalledVirtual (50 bytes)
Event: 1.311 Thread 0x000001d24413b610 nmethod 1061 0x000001d27b701290 code [0x000001d27b701440, 0x000001d27b7015e8]
Event: 1.312 Thread 0x000001d24413b610 1062       1       java.util.HashMap$EntrySet::iterator (12 bytes)
Event: 1.312 Thread 0x000001d24413b610 nmethod 1062 0x000001d27b701a10 code [0x000001d27b701ba0, 0x000001d27b701d48]
Event: 1.312 Thread 0x000001d24413b610 1063       1       java.util.HashMap$EntryIterator::<init> (11 bytes)
Event: 1.313 Thread 0x000001d24413b610 nmethod 1063 0x000001d27b701e10 code [0x000001d27b701fa0, 0x000001d27b7020c8]
Event: 1.315 Thread 0x000001d24413b610 1064       1       java.lang.reflect.Constructor::getDeclaringClass (5 bytes)
Event: 1.315 Thread 0x000001d24413b610 nmethod 1064 0x000001d27b702490 code [0x000001d27b702620, 0x000001d27b7026f8]
Event: 1.318 Thread 0x000001d24413b610 1065   !   1       java.util.zip.ZipFile$ZipFileInflaterInputStream::close (67 bytes)
Event: 1.318 Thread 0x000001d24413b610 nmethod 1065 0x000001d27b702790 code [0x000001d27b702980, 0x000001d27b702cf8]
Event: 1.319 Thread 0x000001d24413b610 1066       1       java.util.zip.Checksum::update (11 bytes)
Event: 1.319 Thread 0x000001d24413b610 nmethod 1066 0x000001d27b703010 code [0x000001d27b7031a0, 0x000001d27b7032c8]
Event: 1.319 Thread 0x000001d24413b610 1067       1       java.util.zip.CRC32::update (51 bytes)
Event: 1.319 Thread 0x000001d24413b610 nmethod 1067 0x000001d27b703390 code [0x000001d27b703540, 0x000001d27b7037c8]
Event: 1.319 Thread 0x000001d24413b610 1068       1       java.util.zip.CRC32::updateBytes (14 bytes)
Event: 1.319 Thread 0x000001d24413b610 nmethod 1068 0x000001d27b703910 code [0x000001d27b703aa0, 0x000001d27b703b88]
Event: 1.319 Thread 0x000001d24413b610 1069       1       java.util.zip.CRC32::updateBytesCheck (55 bytes)
Event: 1.320 Thread 0x000001d24413b610 nmethod 1069 0x000001d27b703c10 code [0x000001d27b703de0, 0x000001d27b7040e8]

GC Heap History (2 events):
Event: 1.086 GC heap before
{Heap before GC invocations=0 (full 0):
 garbage-first heap   total 63488K, used 14336K [0x00000000c2800000, 0x0000000100000000)
  region size 1024K, 13 young (13312K), 0 survivors (0K)
 Metaspace       used 4378K, committed 4608K, reserved 1114112K
  class space    used 535K, committed 640K, reserved 1048576K
}
Event: 1.093 GC heap after
{Heap after GC invocations=1 (full 0):
 garbage-first heap   total 63488K, used 7938K [0x00000000c2800000, 0x0000000100000000)
  region size 1024K, 2 young (2048K), 2 survivors (2048K)
 Metaspace       used 4378K, committed 4608K, reserved 1114112K
  class space    used 535K, committed 640K, reserved 1048576K
}

Deoptimization events (0 events):
No events

Classes unloaded (0 events):
No events

Classes redefined (0 events):
No events

Internal exceptions (14 events):
Event: 0.478 Thread 0x000001d244851d70 Exception <a 'java/lang/NoSuchMethodError'{0x00000000c5de69e0}: 'java.lang.Object java.lang.invoke.DirectMethodHandle$Holder.invokeStaticInit(java.lang.Object)'> (0x00000000c5de69e0) 
thrown [s\open\src\hotspot\share\interpreter\linkResolver.cpp, line 759]
Event: 0.489 Thread 0x000001d244851d70 Exception <a 'java/lang/NoSuchMethodError'{0x00000000c5df45d8}: 'void java.lang.invoke.DirectMethodHandle$Holder.invokeStatic(java.lang.Object, java.lang.Object)'> (0x00000000c5df45d8) 
thrown [s\open\src\hotspot\share\interpreter\linkResolver.cpp, line 759]
Event: 0.551 Thread 0x000001d273bd6650 Exception <a 'java/lang/NoSuchMethodError'{0x00000000c5dda358}: 'int java.lang.invoke.DirectMethodHandle$Holder.invokeInterface(java.lang.Object, java.lang.Object)'> (0x00000000c5dda358) 
thrown [s\open\src\hotspot\share\interpreter\linkResolver.cpp, line 759]
Event: 0.551 Thread 0x000001d273bd6650 Exception <a 'java/lang/IncompatibleClassChangeError'{0x00000000c5ddd958}: Found class java.lang.Object, but interface was expected> (0x00000000c5ddd958) 
thrown [s\open\src\hotspot\share\interpreter\linkResolver.cpp, line 826]
Event: 0.618 Thread 0x000001d273bd6650 Exception <a 'java/lang/NoSuchMethodError'{0x00000000c5ccae88}: 'int java.lang.invoke.DirectMethodHandle$Holder.invokeSpecial(java.lang.Object, java.lang.Object, java.lang.Object)'> (0x00000000c5ccae88) 
thrown [s\open\src\hotspot\share\interpreter\linkResolver.cpp, line 759]
Event: 0.690 Thread 0x000001d273bd6650 Exception <a 'java/lang/NoSuchMethodError'{0x00000000c5bc5c90}: 'void java.lang.invoke.DirectMethodHandle$Holder.invokeStatic(java.lang.Object, java.lang.Object, java.lang.Object)'> (0x00000000c5bc5c90) 
thrown [s\open\src\hotspot\share\interpreter\linkResolver.cpp, line 759]
Event: 0.705 Thread 0x000001d273bd6650 Exception <a 'java/lang/NoSuchMethodError'{0x00000000c5a029e8}: 'int java.lang.invoke.DirectMethodHandle$Holder.invokeSpecialIFC(java.lang.Object, java.lang.Object, java.lang.Object)'> (0x00000000c5a029e8) 
thrown [s\open\src\hotspot\share\interpreter\linkResolver.cpp, line 759]
Event: 0.738 Thread 0x000001d273bd6650 Exception <a 'java/lang/NoSuchMethodError'{0x00000000c5a79ce0}: 'java.lang.Object java.lang.invoke.DirectMethodHandle$Holder.invokeStaticInit(java.lang.Object, int, int, int, int)'> (0x00000000c5a79ce0) 
thrown [s\open\src\hotspot\share\interpreter\linkResolver.cpp, line 759]
Event: 1.002 Thread 0x000001d273bd6650 Exception <a 'java/lang/NoSuchMethodError'{0x00000000c591bae0}: 'java.lang.Object java.lang.invoke.DirectMethodHandle$Holder.invokeStaticInit(java.lang.Object, java.lang.Object, int, int, int, int)'> (0x00000000c591bae0) 
thrown [s\open\src\hotspot\share\interpreter\linkResolver.cpp, line 759]
Event: 1.036 Thread 0x000001d273bd6650 Exception <a 'java/lang/ClassNotFoundException'{0x00000000c5939cb0}: javax/management/remote/rmi/RMIServerImpl_Skel> (0x00000000c5939cb0) 
thrown [s\open\src\hotspot\share\classfile\systemDictionary.cpp, line 256]
Event: 1.202 Thread 0x000001d273bd6650 Exception <a 'java/lang/ClassNotFoundException'{0x00000000c64d2468}: javax/smartcardio/CardPermission> (0x00000000c64d2468) 
thrown [s\open\src\hotspot\share\classfile\systemDictionary.cpp, line 256]
Event: 1.213 Thread 0x000001d273bd6650 Exception <a 'java/io/FileNotFoundException'{0x00000000c64e09b0}> (0x00000000c64e09b0) 
thrown [s\open\src\hotspot\share\prims\jni.cpp, line 516]
Event: 1.239 Thread 0x000001d273bd6650 Exception <a 'java/lang/NoSuchMethodError'{0x00000000c6344238}: 'java.lang.Object java.lang.invoke.DirectMethodHandle$Holder.invokeSpecial(java.lang.Object, java.lang.Object, java.lang.Object, long, java.lang.Object)'> (0x00000000c6344238) 
thrown [s\open\src\hotspot\share\interpreter\linkResolver.cpp, line 759]
Event: 1.241 Thread 0x000001d273bd6650 Exception <a 'java/lang/NoSuchMethodError'{0x00000000c6347e08}: 'java.lang.Object java.lang.invoke.Invokers$Holder.linkToTargetMethod(java.lang.Object, long, java.lang.Object, java.lang.Object)'> (0x00000000c6347e08) 
thrown [s\open\src\hotspot\share\interpreter\linkResolver.cpp, line 759]

VM Operations (18 events):
Event: 0.152 Executing VM operation: HandshakeAllThreads
Event: 0.152 Executing VM operation: HandshakeAllThreads done
Event: 0.476 Executing VM operation: HandshakeAllThreads
Event: 0.476 Executing VM operation: HandshakeAllThreads done
Event: 0.557 Executing VM operation: HandshakeAllThreads
Event: 0.557 Executing VM operation: HandshakeAllThreads done
Event: 0.723 Executing VM operation: HandshakeAllThreads
Event: 0.723 Executing VM operation: HandshakeAllThreads done
Event: 1.073 Executing VM operation: HandshakeAllThreads
Event: 1.073 Executing VM operation: HandshakeAllThreads done
Event: 1.073 Executing VM operation: Cleanup
Event: 1.073 Executing VM operation: Cleanup done
Event: 1.086 Executing VM operation: G1CollectForAllocation
Event: 1.094 Executing VM operation: G1CollectForAllocation done
Event: 1.141 Executing VM operation: HandshakeAllThreads
Event: 1.141 Executing VM operation: HandshakeAllThreads done
Event: 1.146 Executing VM operation: HandshakeAllThreads
Event: 1.146 Executing VM operation: HandshakeAllThreads done

Events (20 events):
Event: 1.218 loading class java/security/AccessControlException
Event: 1.218 loading class java/security/AccessControlException done
Event: 1.243 loading class java/net/MalformedURLException
Event: 1.243 loading class java/net/MalformedURLException done
Event: 1.296 loading class sun/util/calendar/ZoneInfoFile$Checksum
Event: 1.296 loading class sun/util/calendar/ZoneInfoFile$Checksum done
Event: 1.296 loading class java/time/zone/ZoneRulesProvider
Event: 1.297 loading class java/time/zone/ZoneRulesProvider done
Event: 1.297 loading class java/time/zone/ZoneRulesProvider$1
Event: 1.297 loading class java/time/zone/ZoneRulesProvider$1 done
Event: 1.297 loading class java/time/zone/TzdbZoneRulesProvider
Event: 1.297 loading class java/time/zone/TzdbZoneRulesProvider done
Event: 1.305 loading class java/time/zone/Ser
Event: 1.306 loading class java/time/zone/Ser done
Event: 1.306 loading class java/time/zone/ZoneOffsetTransition
Event: 1.307 loading class java/time/zone/ZoneOffsetTransition done
Event: 1.316 loading class java/util/concurrent/atomic/AtomicReference
Event: 1.316 loading class java/util/concurrent/atomic/AtomicReference done
Event: 1.322 loading class java/lang/NumberFormatException
Event: 1.322 loading class java/lang/NumberFormatException done


Dynamic libraries:
0x00007ff7be1d0000 - 0x00007ff7be1e0000 	C:\Program Files\Java\jdk-17\bin\java.exe
0x00007fff06df0000 - 0x00007fff07007000 	C:\WINDOWS\SYSTEM32\ntdll.dll
0x00007fff056f0000 - 0x00007fff057b4000 	C:\WINDOWS\System32\KERNEL32.DLL
0x00007fff04220000 - 0x00007fff045c7000 	C:\WINDOWS\System32\KERNELBASE.dll
0x00007fff04740000 - 0x00007fff04851000 	C:\WINDOWS\System32\ucrtbase.dll
0x00007ffef9890000 - 0x00007ffef98ab000 	C:\Program Files\Java\jdk-17\bin\VCRUNTIME140.dll
0x00007ffef9870000 - 0x00007ffef9889000 	C:\Program Files\Java\jdk-17\bin\jli.dll
0x00007fff06840000 - 0x00007fff068f2000 	C:\WINDOWS\System32\ADVAPI32.dll
0x00007fff05620000 - 0x00007fff056c7000 	C:\WINDOWS\System32\msvcrt.dll
0x00007fff06ca0000 - 0x00007fff06d48000 	C:\WINDOWS\System32\sechost.dll
0x00007fff04920000 - 0x00007fff04948000 	C:\WINDOWS\System32\bcrypt.dll
0x00007fff04e20000 - 0x00007fff04f35000 	C:\WINDOWS\System32\RPCRT4.dll
0x00007fff06900000 - 0x00007fff06aae000 	C:\WINDOWS\System32\USER32.dll
0x00007fff04a70000 - 0x00007fff04a96000 	C:\WINDOWS\System32\win32u.dll
0x00007fff04f40000 - 0x00007fff04f69000 	C:\WINDOWS\System32\GDI32.dll
0x00007ffeeb010000 - 0x00007ffeeb2a3000 	C:\WINDOWS\WinSxS\amd64_microsoft.windows.common-controls_6595b64144ccf1df_6.0.22621.3527_none_270e469b73872a76\COMCTL32.dll
0x00007fff04950000 - 0x00007fff04a69000 	C:\WINDOWS\System32\gdi32full.dll
0x00007fff04180000 - 0x00007fff0421a000 	C:\WINDOWS\System32\msvcp_win.dll
0x00007ffefbc10000 - 0x00007ffefbc1a000 	C:\WINDOWS\SYSTEM32\VERSION.dll
0x00007fff06c60000 - 0x00007fff06c91000 	C:\WINDOWS\System32\IMM32.DLL
0x00007fff00d20000 - 0x00007fff00d2c000 	C:\Program Files\Java\jdk-17\bin\vcruntime140_1.dll
0x00007ffed2e80000 - 0x00007ffed2f0e000 	C:\Program Files\Java\jdk-17\bin\msvcp140.dll
0x00007ffe94a20000 - 0x00007ffe955ff000 	C:\Program Files\Java\jdk-17\bin\server\jvm.dll
0x00007fff04e10000 - 0x00007fff04e18000 	C:\WINDOWS\System32\PSAPI.DLL
0x00007ffefcd50000 - 0x00007ffefcd84000 	C:\WINDOWS\SYSTEM32\WINMM.dll
0x00007ffef9030000 - 0x00007ffef9039000 	C:\WINDOWS\SYSTEM32\WSOCK32.dll
0x00007fff04d90000 - 0x00007fff04e01000 	C:\WINDOWS\System32\WS2_32.dll
0x00007fff03130000 - 0x00007fff03148000 	C:\WINDOWS\SYSTEM32\kernel.appcore.dll
0x00007ffefcce0000 - 0x00007ffefccea000 	C:\Program Files\Java\jdk-17\bin\jimage.dll
0x00007fff01be0000 - 0x00007fff01e12000 	C:\WINDOWS\SYSTEM32\DBGHELP.DLL
0x00007fff06120000 - 0x00007fff064a8000 	C:\WINDOWS\System32\combase.dll
0x00007fff064b0000 - 0x00007fff06587000 	C:\WINDOWS\System32\OLEAUT32.dll
0x00007ffefc240000 - 0x00007ffefc272000 	C:\WINDOWS\SYSTEM32\dbgcore.DLL
0x00007fff04aa0000 - 0x00007fff04b19000 	C:\WINDOWS\System32\bcryptPrimitives.dll
0x00007ffefbd30000 - 0x00007ffefbd3e000 	C:\Program Files\Java\jdk-17\bin\instrument.dll
0x00007ffef0c50000 - 0x00007ffef0c75000 	C:\Program Files\Java\jdk-17\bin\java.dll
0x00007ffec57f0000 - 0x00007ffec58c7000 	C:\Program Files\Java\jdk-17\bin\jsvml.dll
0x00007fff05840000 - 0x00007fff0609c000 	C:\WINDOWS\System32\SHELL32.dll
0x00007fff02050000 - 0x00007fff02946000 	C:\WINDOWS\SYSTEM32\windows.storage.dll
0x00007fff01f10000 - 0x00007fff0204e000 	C:\WINDOWS\SYSTEM32\wintypes.dll
0x00007fff06590000 - 0x00007fff06685000 	C:\WINDOWS\System32\SHCORE.dll
0x00007fff04d10000 - 0x00007fff04d6e000 	C:\WINDOWS\System32\shlwapi.dll
0x00007fff04040000 - 0x00007fff04061000 	C:\WINDOWS\SYSTEM32\profapi.dll
0x00007ffef0ec0000 - 0x00007ffef0ed8000 	C:\Program Files\Java\jdk-17\bin\zip.dll
0x00007ffef97e0000 - 0x00007ffef97f9000 	C:\Program Files\Java\jdk-17\bin\net.dll
0x00007ffefdb80000 - 0x00007ffefdcb6000 	C:\WINDOWS\SYSTEM32\WINHTTP.dll
0x00007fff035a0000 - 0x00007fff03609000 	C:\WINDOWS\system32\mswsock.dll
0x00007ffef96e0000 - 0x00007ffef96f6000 	C:\Program Files\Java\jdk-17\bin\nio.dll
0x00007ffed23d0000 - 0x00007ffed23ea000 	C:\Users\yasmi\FerramentasFacul\IntelliJ IDEA 2024.1\bin\breakgen64.dll
0x00007fff02c70000 - 0x00007fff02d68000 	C:\WINDOWS\SYSTEM32\DNSAPI.dll
0x00007fff02bf0000 - 0x00007fff02c1d000 	C:\WINDOWS\SYSTEM32\IPHLPAPI.DLL
0x00007fff060b0000 - 0x00007fff060b9000 	C:\WINDOWS\System32\NSI.dll
0x00007ffef4d80000 - 0x00007ffef4d8a000 	C:\Windows\System32\rasadhlp.dll
0x00007ffefc6c0000 - 0x00007ffefc743000 	C:\WINDOWS\System32\fwpuclnt.dll
0x00007ffefb300000 - 0x00007ffefb30a000 	C:\Program Files\Java\jdk-17\bin\management.dll
0x00007ffef9790000 - 0x00007ffef979b000 	C:\Program Files\Java\jdk-17\bin\management_ext.dll
0x00007fff03800000 - 0x00007fff0381b000 	C:\WINDOWS\SYSTEM32\CRYPTSP.dll
0x00007fff03090000 - 0x00007fff030c5000 	C:\WINDOWS\system32\rsaenh.dll
0x00007fff036a0000 - 0x00007fff036c8000 	C:\WINDOWS\SYSTEM32\USERENV.dll
0x00007fff03820000 - 0x00007fff0382c000 	C:\WINDOWS\SYSTEM32\CRYPTBASE.dll
0x00007ffefdfc0000 - 0x00007ffefdfd9000 	C:\WINDOWS\SYSTEM32\dhcpcsvc6.DLL
0x00007ffefd8b0000 - 0x00007ffefd8cf000 	C:\WINDOWS\SYSTEM32\dhcpcsvc.DLL
0x00007ffee9cc0000 - 0x00007ffee9cd7000 	C:\WINDOWS\system32\napinsp.dll
0x00007ffee9c10000 - 0x00007ffee9c2b000 	C:\WINDOWS\system32\pnrpnsp.dll
0x00007ffee9bf0000 - 0x00007ffee9c01000 	C:\WINDOWS\System32\winrnr.dll
0x00007ffefcd30000 - 0x00007ffefcd45000 	C:\WINDOWS\system32\wshbth.dll
0x00007ffee9bc0000 - 0x00007ffee9be7000 	C:\WINDOWS\system32\nlansp_c.dll

dbghelp: loaded successfully - version: 4.0.5 - missing functions: none
symbol engine: initialized successfully - sym options: 0x614 - pdb path: .;C:\Program Files\Java\jdk-17\bin;C:\WINDOWS\SYSTEM32;C:\WINDOWS\WinSxS\amd64_microsoft.windows.common-controls_6595b64144ccf1df_6.0.22621.3527_none_270e469b73872a76;C:\Program Files\Java\jdk-17\bin\server;C:\Users\yasmi\FerramentasFacul\IntelliJ IDEA 2024.1\bin

VM Arguments:
jvm_args: -XX:TieredStopAtLevel=1 -Dspring.output.ansi.enabled=always -Dcom.sun.management.jmxremote -Dspring.jmx.enabled=true -Dspring.liveBeansView.mbeanDomain -Dspring.application.admin.enabled=true -Dmanagement.endpoints.jmx.exposure.include=* -javaagent:C:\Users\yasmi\FerramentasFacul\IntelliJ IDEA 2024.1\lib\idea_rt.jar=55496:C:\Users\yasmi\FerramentasFacul\IntelliJ IDEA 2024.1\bin -Dfile.encoding=UTF-8 
java_command: com.yasmingv.demoparkapi.DemoParkApiApplication
java_class_path (initial): C:\Users\yasmi\OneDrive\Documentos\udemy-java-springboot\semana6\demo-park-api\demo-park-api\target\classes;C:\Users\yasmi\.m2\repository\org\springframework\boot\spring-boot-starter-data-jpa\3.2.5\spring-boot-starter-data-jpa-3.2.5.jar;C:\Users\yasmi\.m2\repository\org\springframework\boot\spring-boot-starter-aop\3.2.5\spring-boot-starter-aop-3.2.5.jar;C:\Users\yasmi\.m2\repository\org\aspectj\aspectjweaver\1.9.22\aspectjweaver-1.9.22.jar;C:\Users\yasmi\.m2\repository\org\springframework\boot\spring-boot-starter-jdbc\3.2.5\spring-boot-starter-jdbc-3.2.5.jar;C:\Users\yasmi\.m2\repository\com\zaxxer\HikariCP\5.0.1\HikariCP-5.0.1.jar;C:\Users\yasmi\.m2\repository\org\springframework\spring-jdbc\6.1.6\spring-jdbc-6.1.6.jar;C:\Users\yasmi\.m2\repository\org\hibernate\orm\hibernate-core\6.4.4.Final\hibernate-core-6.4.4.Final.jar;C:\Users\yasmi\.m2\repository\jakarta\persistence\jakarta.persistence-api\3.1.0\jakarta.persistence-api-3.1.0.jar;C:\Users\yasmi\.m2\repository\jakarta\transaction\jakarta.transaction-api\2.0.1\jakarta.transaction-api-2.0.1.jar;C:\Users\yasmi\.m2\repository\org\jboss\logging\jboss-logging\3.5.3.Final\jboss-logging-3.5.3.Final.jar;C:\Users\yasmi\.m2\repository\org\hibernate\common\hibernate-commons-annotations\6.0.6.Final\hibernate-commons-annotations-6.0.6.Final.jar;C:\Users\yasmi\.m2\repository\io\smallrye\jandex\3.1.2\jandex-3.1.2.jar;C:\Users\yasmi\.m2\repository\com\fasterxml\classmate\1.6.0\classmate-1.6.0.jar;C:\Users\yasmi\.m2\repository\net\bytebuddy\byte-buddy\1.14.13\byte-buddy-1.14.13.jar;C:\Users\yasmi\.m2\repository\org\glassfish\jaxb\jaxb-runtime\4.0.5\jaxb-runtime-4.0.5.jar;C:\Users\yasmi\.m2\repository\org\glassfish\jaxb\jaxb-core\4.0.5\jaxb-core-4.0.5.jar;C:\Users\yasmi\.m2\repository\org\eclipse\angus\angus-activation\2.0.2\angus-activation-2.0.2.jar;C:\Users\yasmi\.m2\repository\org\glassfish\jaxb\txw2\4.0.5\txw2-4.0.5.jar;C:\Users\yasmi\.m2\repository\com\sun\istack\istack-commons-runtime\4.1.2\ist
Launcher Type: SUN_STANDARD

[Global flags]
     intx CICompilerCount                          = 3                                         {product} {ergonomic}
     uint ConcGCThreads                            = 1                                         {product} {ergonomic}
     uint G1ConcRefinementThreads                  = 4                                         {product} {ergonomic}
   size_t G1HeapRegionSize                         = 1048576                                   {product} {ergonomic}
    uintx GCDrainStackTargetSize                   = 64                                        {product} {ergonomic}
   size_t InitialHeapSize                          = 65011712                                  {product} {ergonomic}
     bool ManagementServer                         = true                                      {product} {command line}
   size_t MarkStackSize                            = 4194304                                   {product} {ergonomic}
   size_t MaxHeapSize                              = 1031798784                                {product} {ergonomic}
   size_t MaxNewSize                               = 618659840                                 {product} {ergonomic}
   size_t MinHeapDeltaBytes                        = 1048576                                   {product} {ergonomic}
   size_t MinHeapSize                              = 8388608                                   {product} {ergonomic}
    uintx NonProfiledCodeHeapSize                  = 0                                      {pd product} {ergonomic}
     bool ProfileInterpreter                       = false                                  {pd product} {command line}
    uintx ProfiledCodeHeapSize                     = 0                                      {pd product} {ergonomic}
   size_t SoftMaxHeapSize                          = 1031798784                             {manageable} {ergonomic}
     intx TieredStopAtLevel                        = 1                                         {product} {command line}
     bool UseCompressedClassPointers               = true                           {product lp64_product} {ergonomic}
     bool UseCompressedOops                        = true                           {product lp64_product} {ergonomic}
     bool UseG1GC                                  = true                                      {product} {ergonomic}
     bool UseLargePagesIndividualAllocation        = false                                  {pd product} {ergonomic}

Logging:
Log output configuration:
 #0: stdout all=warning uptime,level,tags
 #1: stderr all=off uptime,level,tags

Environment Variables:
PATH=C:\Program Files\Common Files\Oracle\Java\javapath;C:\WINDOWS\system32;C:\WINDOWS;C:\WINDOWS\System32\Wbem;C:\WINDOWS\System32\WindowsPowerShell\v1.0\;C:\WINDOWS\System32\OpenSSH\;C:\ProgramData\chocolatey\bin;C:\Program Files\Git\cmd;C:\xampp\mysql\bin\;C:\Program Files\MySQL\MySQL Server 8.0-2\bin;C:\Program Files\MongoDB\Server\7.0\bin;C:\Program Files\MySQL\MySQL Shell 8.0\bin\;C:\Users\yasmi\AppData\Local\Programs\Python\Python311\Scripts\;C:\Users\yasmi\AppData\Local\Programs\Python\Python311\;C:\Users\yasmi\AppData\Local\Microsoft\WindowsApps;C:\Users\yasmi\AppData\Local\Programs\Microsoft VS Code\bin;C:\Program Files\MySQL\MySQL Server 8.0-2\bin;
USERNAME=yasmi
OS=Windows_NT
PROCESSOR_IDENTIFIER=Intel64 Family 6 Model 142 Stepping 12, GenuineIntel



---------------  S Y S T E M  ---------------

OS:
 Windows 11 , 64 bit Build 22621 (10.0.22621.3527)
OS uptime: 6 days 3:37 hours

CPU: total 4 (initial active 4) (2 cores per cpu, 2 threads per core) family 6 model 142 stepping 12 microcode 0xec, cx8, cmov, fxsr, ht, mmx, 3dnowpref, sse, sse2, sse3, ssse3, sse4.1, sse4.2, popcnt, lzcnt, tsc, tscinvbit, avx, avx2, aes, erms, clmul, bmi1, bmi2, adx, fma, vzeroupper, clflush, clflushopt

Memory: 4k page, system-wide physical 3930M (70M free)
TotalPageFile size 16218M (AvailPageFile size 0M)
current process WorkingSet (physical memory assigned to process): 67M, peak: 67M
current process commit charge ("private bytes"): 142M, peak: 142M

vm_info: Java HotSpot(TM) 64-Bit Server VM (17.0.10+11-LTS-240) for windows-amd64 JRE (17.0.10+11-LTS-240), built on Dec 19 2023 21:47:25 by "mach5one" with MS VC++ 17.1 (VS2022)

END.
